<?xml version="1.0" encoding="UTF-8"?>
<!-- Generated by org.testng.reporters.JUnitXMLReporter -->
<testsuite hostname="ATMECSINLT-743" ignored="0" name="Test" tests="4" failures="0" timestamp="2020-06-11T21:51:40 IST" time="6.452" errors="0">
  <testcase name="GetCityNameAndLangTest" time="4.063" classname="com.qa.testscripts.GetCityNameLanguageWithCode"/>
  <testcase name="GetCityNameAndLangFromCountryNameTest" time="0.846" classname="com.qa.testscripts.GetCityNameLanguageWithCountryName"/>
  <testcase name="validateResponseCodeInvalidCityTest" time="0.751" classname="com.qa.testscripts.ValidateInvalidCity"/>
  <testcase name="validateResponseCodeNullCityTest" time="0.746" classname="com.qa.testscripts.ValidateNullCity"/>
</testsuite> <!-- Test -->
