<?xml version="1.0" encoding="UTF-8"?>
<testsuite xmlns:xsi="http://www.w3.org/2001/XMLSchema-instance" xsi:noNamespaceSchemaLocation="https://maven.apache.org/surefire/maven-surefire-plugin/xsd/surefire-test-report-3.0.xsd" version="3.0" name="TestSuite" time="7.391" tests="4" errors="0" skipped="0" failures="0">
  <properties>
[...]
</properties>
  <testcase name="GetCityNameAndLangTest" classname="com.qa.testscripts.GetCityNameLanguageWithCode" time="4.065"/>
  <testcase name="GetCityNameAndLangFromCountryNameTest" classname="com.qa.testscripts.GetCityNameLanguageWithCountryName" time="0.847"/>
  <testcase name="validateResponseCodeInvalidCityTest" classname="com.qa.testscripts.ValidateInvalidCity" time="0.751"/>
  <testcase name="validateResponseCodeNullCityTest" classname="com.qa.testscripts.ValidateNullCity" time="0.748"/>
</testsuite>