<?xml version="1.0" encoding="UTF-8"?>
<testng-results skipped="0" failed="0" ignored="0" total="4" passed="4">
  <reporter-output>
  </reporter-output>
  <suite name="Suite" duration-ms="6452" started-at="2020-06-11T21:51:34 IST" finished-at="2020-06-11T21:51:40 IST">
    <groups>
    </groups>
    <test name="Test" duration-ms="6452" started-at="2020-06-11T21:51:34 IST" finished-at="2020-06-11T21:51:40 IST">
      <class name="com.qa.testscripts.ValidateNullCity">
        <test-method status="PASS" signature="validateResponseCodeNullCityTest()[pri:0, instance:com.qa.testscripts.ValidateNullCity@3e6fa38a]" name="validateResponseCodeNullCityTest" duration-ms="746" started-at="2020-06-11T21:51:40 IST" finished-at="2020-06-11T21:51:40 IST">
          <reporter-output>
          </reporter-output>
        </test-method> <!-- validateResponseCodeNullCityTest -->
      </class> <!-- com.qa.testscripts.ValidateNullCity -->
      <class name="com.qa.testscripts.ValidateInvalidCity">
        <test-method status="PASS" signature="validateResponseCodeInvalidCityTest()[pri:0, instance:com.qa.testscripts.ValidateInvalidCity@47c62251]" name="validateResponseCodeInvalidCityTest" duration-ms="751" started-at="2020-06-11T21:51:39 IST" finished-at="2020-06-11T21:51:40 IST">
          <reporter-output>
          </reporter-output>
        </test-method> <!-- validateResponseCodeInvalidCityTest -->
      </class> <!-- com.qa.testscripts.ValidateInvalidCity -->
      <class name="com.qa.testscripts.GetCityNameLanguageWithCountryName">
        <test-method status="PASS" signature="GetCityNameAndLangFromCountryNameTest()[pri:0, instance:com.qa.testscripts.GetCityNameLanguageWithCountryName@6f7fd0e6]" name="GetCityNameAndLangFromCountryNameTest" duration-ms="846" started-at="2020-06-11T21:51:38 IST" finished-at="2020-06-11T21:51:39 IST">
          <reporter-output>
          </reporter-output>
        </test-method> <!-- GetCityNameAndLangFromCountryNameTest -->
      </class> <!-- com.qa.testscripts.GetCityNameLanguageWithCountryName -->
      <class name="com.qa.testscripts.GetCityNameLanguageWithCode">
        <test-method status="PASS" signature="GetCityNameAndLangTest()[pri:0, instance:com.qa.testscripts.GetCityNameLanguageWithCode@27efef64]" name="GetCityNameAndLangTest" duration-ms="4063" started-at="2020-06-11T21:51:34 IST" finished-at="2020-06-11T21:51:38 IST">
          <reporter-output>
          </reporter-output>
        </test-method> <!-- GetCityNameAndLangTest -->
      </class> <!-- com.qa.testscripts.GetCityNameLanguageWithCode -->
    </test> <!-- Test -->
  </suite> <!-- Suite -->
</testng-results>
